-------------------------------------------------------------------------------
Test set: za.co.wethinkcode.lms.test.StudentTest
-------------------------------------------------------------------------------
Tests run: 1, Failures: 1, Errors: 0, Skipped: 0, Time elapsed: 0.3 s <<< FAILURE! - in za.co.wethinkcode.lms.test.StudentTest
studentTests  Time elapsed: 0.27 s  <<< FAILURE!
org.opentest4j.AssertionFailedError: Expected 17 or more test cases. ==> expected: <true> but was: <false>
	at za.co.wethinkcode.lms.test.StudentTest.studentTests(StudentTest.java:31)

